<?xml version="1.0" encoding="UTF-8"?>
<!-- Generated by org.testng.reporters.JUnitXMLReporter -->
<testsuite ignored="0" hostname="CMP202210S51421" failures="0" tests="5" name="Default test" time="8.134" errors="0" timestamp="2024-05-02T21:57:13 EEST">
  <testcase classname="booksAPITests.StatusAPITesting" name="testStatusResponseCode" time="0.007"/>
  <testcase classname="booksAPITests.StatusAPITesting" name="testStatusResponseFields" time="0.012"/>
  <testcase classname="booksAPITests.StatusAPITesting" name="testStatusResponseFormat" time="0.002"/>
  <testcase classname="booksAPITests.StatusAPITesting" name="testStatusResponseMessage" time="0.001"/>
  <testcase classname="booksAPITests.StatusAPITesting" name="testStatusResponseTime" time="0.003"/>
</testsuite> <!-- Default test -->
