<?xml version="1.0" encoding="UTF-8"?>
<!-- Generated by org.testng.reporters.JUnitXMLReporter -->
<testsuite ignored="1" hostname="CMP202210S51421" failures="0" tests="1" name="Default test" time="4.05" errors="0" timestamp="2024-05-01T18:49:38 EEST">
  <testcase classname="booksAPITests.BooksAPITesting" name="testGetSpecificBook" time="1.359"/>
  <testcase classname="booksAPITests.BooksAPITesting" name="testGetBooks" time="0.0">
    <ignored/>
  </testcase> <!-- testGetBooks -->
</testsuite> <!-- Default test -->
