<?xml version="1.0" encoding="UTF-8"?>
<testng-results ignored="0" total="5" passed="5" failed="0" skipped="0">
  <reporter-output>
  </reporter-output>
  <suite started-at="2024-05-02T21:57:05 EEST" name="Default suite" finished-at="2024-05-02T21:57:13 EEST" duration-ms="8134">
    <groups>
    </groups>
    <test started-at="2024-05-02T21:57:05 EEST" name="Default test" finished-at="2024-05-02T21:57:13 EEST" duration-ms="8134">
      <class name="booksAPITests.StatusAPITesting">
        <test-method is-config="true" signature="setup()[pri:0, instance:booksAPITests.StatusAPITesting@52e6fdee]" started-at="2024-05-02T21:57:05 EEST" name="setup" finished-at="2024-05-02T21:57:08 EEST" duration-ms="2617" status="PASS">
          <reporter-output>
          </reporter-output>
        </test-method> <!-- setup -->
        <test-method signature="testStatusResponseCode()[pri:0, instance:booksAPITests.StatusAPITesting@52e6fdee]" started-at="2024-05-02T21:57:08 EEST" name="testStatusResponseCode" finished-at="2024-05-02T21:57:08 EEST" duration-ms="7" status="PASS">
          <reporter-output>
          </reporter-output>
        </test-method> <!-- testStatusResponseCode -->
        <test-method is-config="true" signature="setup()[pri:0, instance:booksAPITests.StatusAPITesting@52e6fdee]" started-at="2024-05-02T21:57:08 EEST" name="setup" finished-at="2024-05-02T21:57:09 EEST" duration-ms="1345" status="PASS">
          <reporter-output>
          </reporter-output>
        </test-method> <!-- setup -->
        <test-method signature="testStatusResponseFields()[pri:0, instance:booksAPITests.StatusAPITesting@52e6fdee]" started-at="2024-05-02T21:57:09 EEST" name="testStatusResponseFields" finished-at="2024-05-02T21:57:09 EEST" duration-ms="12" status="PASS">
          <reporter-output>
          </reporter-output>
        </test-method> <!-- testStatusResponseFields -->
        <test-method is-config="true" signature="setup()[pri:0, instance:booksAPITests.StatusAPITesting@52e6fdee]" started-at="2024-05-02T21:57:09 EEST" name="setup" finished-at="2024-05-02T21:57:11 EEST" duration-ms="1354" status="PASS">
          <reporter-output>
          </reporter-output>
        </test-method> <!-- setup -->
        <test-method signature="testStatusResponseFormat()[pri:0, instance:booksAPITests.StatusAPITesting@52e6fdee]" started-at="2024-05-02T21:57:11 EEST" name="testStatusResponseFormat" finished-at="2024-05-02T21:57:11 EEST" duration-ms="2" status="PASS">
          <reporter-output>
          </reporter-output>
        </test-method> <!-- testStatusResponseFormat -->
        <test-method is-config="true" signature="setup()[pri:0, instance:booksAPITests.StatusAPITesting@52e6fdee]" started-at="2024-05-02T21:57:11 EEST" name="setup" finished-at="2024-05-02T21:57:12 EEST" duration-ms="1330" status="PASS">
          <reporter-output>
          </reporter-output>
        </test-method> <!-- setup -->
        <test-method signature="testStatusResponseMessage()[pri:0, instance:booksAPITests.StatusAPITesting@52e6fdee]" started-at="2024-05-02T21:57:12 EEST" name="testStatusResponseMessage" finished-at="2024-05-02T21:57:12 EEST" duration-ms="1" status="PASS">
          <reporter-output>
          </reporter-output>
        </test-method> <!-- testStatusResponseMessage -->
        <test-method is-config="true" signature="setup()[pri:0, instance:booksAPITests.StatusAPITesting@52e6fdee]" started-at="2024-05-02T21:57:12 EEST" name="setup" finished-at="2024-05-02T21:57:13 EEST" duration-ms="1429" status="PASS">
          <reporter-output>
          </reporter-output>
        </test-method> <!-- setup -->
        <test-method signature="testStatusResponseTime()[pri:0, instance:booksAPITests.StatusAPITesting@52e6fdee]" started-at="2024-05-02T21:57:13 EEST" name="testStatusResponseTime" finished-at="2024-05-02T21:57:13 EEST" duration-ms="3" status="PASS">
          <reporter-output>
          </reporter-output>
        </test-method> <!-- testStatusResponseTime -->
      </class> <!-- booksAPITests.StatusAPITesting -->
    </test> <!-- Default test -->
  </suite> <!-- Default suite -->
</testng-results>
