<?xml version="1.0" encoding="UTF-8"?>
<testng-results ignored="0" total="1" passed="1" failed="0" skipped="0">
  <reporter-output>
  </reporter-output>
  <suite started-at="2024-05-02T21:46:33 EEST" name="Default suite" finished-at="2024-05-02T21:46:37 EEST" duration-ms="3978">
    <groups>
    </groups>
    <test started-at="2024-05-02T21:46:33 EEST" name="Default test" finished-at="2024-05-02T21:46:37 EEST" duration-ms="3978">
      <class name="booksAPITests.BooksAPITesting">
        <test-method is-config="true" signature="setup()[pri:0, instance:booksAPITests.BooksAPITesting@15ff3e9e]" started-at="2024-05-02T21:46:33 EEST" name="setup" finished-at="2024-05-02T21:46:36 EEST" duration-ms="2622" status="PASS">
          <reporter-output>
          </reporter-output>
        </test-method> <!-- setup -->
        <test-method signature="testSpecificBookResponseFields()[pri:0, instance:booksAPITests.BooksAPITesting@15ff3e9e]" started-at="2024-05-02T21:46:36 EEST" name="testSpecificBookResponseFields" finished-at="2024-05-02T21:46:37 EEST" duration-ms="1333" status="PASS">
          <reporter-output>
          </reporter-output>
        </test-method> <!-- testSpecificBookResponseFields -->
      </class> <!-- booksAPITests.BooksAPITesting -->
    </test> <!-- Default test -->
  </suite> <!-- Default suite -->
</testng-results>
